<?xml version="1.0" encoding="UTF-8"?>
<!-- Generated by org.testng.reporters.JUnitXMLReporter -->
<testsuite hostname="ATMECSINDT-050" name="Check Friends Move detail screen" tests="1" failures="0" timestamp="27 Jan 2017 12:37:51 GMT" time="73.861" errors="0">
  <testcase name="checkFriendsMoveDetail on [CheckFriendsMoveDetailScreen passed=0 failed=0 skipped=0]" time="56.553" classname="com.atmecs.falcone.duels.CheckFriendsMoveDetailScreen"/>
</testsuite> <!-- Check Friends Move detail screen -->
