<?xml version="1.0" encoding="UTF-8"?>
<!-- Generated by org.testng.reporters.JUnitXMLReporter -->
<testsuite hostname="ATMECSINDT-050" name="Send one week Duels From Friends Profile" tests="1" failures="0" timestamp="27 Jan 2017 13:12:45 GMT" time="57.671" errors="0">
  <testcase name="sendOneWeekDuelFromFriendsProfile on [SendOneWeekDuelFromFriendsProfile passed=0 failed=0 skipped=0]" time="40.827" classname="com.atmecs.falcone.duels.SendOneWeekDuelFromFriendsProfile"/>
</testsuite> <!-- Send one week Duels From Friends Profile -->
