<?xml version="1.0" encoding="UTF-8"?>
<!-- Generated by org.testng.reporters.JUnitXMLReporter -->
<testsuite hostname="ATMECSINDT-050" name="Send Duels From Friends Profile" tests="1" failures="0" timestamp="27 Jan 2017 13:09:57 GMT" time="49.725" errors="0">
  <testcase name="sendDuelsFromFriendsProfile on [StartDuelOnFriendsProfile passed=0 failed=0 skipped=0]" time="32.178" classname="com.atmecs.falcone.duels.StartDuelOnFriendsProfile"/>
</testsuite> <!-- Send Duels From Friends Profile -->
