<?xml version="1.0" encoding="UTF-8"?>
<!-- Generated by org.testng.reporters.JUnitXMLReporter -->
<testsuite hostname="ATMECSINDT-050" name="Send twenty four hour Duels From Friends Profile" tests="1" failures="0" timestamp="27 Jan 2017 13:11:47 GMT" time="58.37" errors="0">
  <testcase name="sendTwentyFourHrDuelFromFriendsProfile on [SendTwentyFourHrDuelFromFriendsProfile passed=0 failed=0 skipped=0]" time="41.964" classname="com.atmecs.falcone.duels.SendTwentyFourHrDuelFromFriendsProfile"/>
</testsuite> <!-- Send twenty four hour Duels From Friends Profile -->
