<?xml version="1.0" encoding="UTF-8"?>
<testng-results skipped="0" failed="1" total="4" passed="3">
  <reporter-output>
    <line>
      <![CDATA[Total Number of devices detected::1]]>
    </line>
    <line>
      <![CDATA[Starting Appium server for device : ZX1G429KVD]]>
    </line>
    <line>
      <![CDATA[PASS : Duels icon is displayed on Friends Profile screen: ACTUAL : true 	EXPECTED :true]]>
    </line>
    <line>
      <![CDATA[PASS : Correct User name is populated on Duel Invite Screen : ACTUAL : sagar paidalwar 	EXPECTED :sagar paidalwar]]>
    </line>
    <line>
      <![CDATA[PASS : By default duration for duels in Duel invite screen is 3 days : ACTUAL : 3 	EXPECTED :3]]>
    </line>
    <line>
      <![CDATA[PASS : By default privacy for duel in Duel invite screen is public : ACTUAL : Public 	EXPECTED :Public]]>
    </line>
    <line>
      <![CDATA[PASS : Send button on Duel invite screen is enabled: ACTUAL : true 	EXPECTED :true]]>
    </line>
    <line>
      <![CDATA[PASS : Tapping back arrow on Duel invite screen redirect to friends profile screen with correct username : ACTUAL : sagar paidalwar 	EXPECTED :sagar paidalwar]]>
    </line>
    <line>
      <![CDATA[Uploading Screenshot for failure to server]]>
    </line>
    <line>
      <![CDATA[IMG : 502a4e8e-872c-4363-a597-41f06ee2e971]]>
    </line>
    <line>
      <![CDATA[PASS : After Sending duel from friends profile user redirect back to friends profile screen: ACTUAL : true 	EXPECTED :true]]>
    </line>
    <line>
      <![CDATA[PASS : Correct user is appearing in Duels pending section : ACTUAL : sagar hasn't responded 	EXPECTED :sagar hasn't responded]]>
    </line>
    <line>
      <![CDATA[PASS : Twenty Four hour step duels appearing in Duels pending section : ACTUAL : 24 Hour Step Duel 	EXPECTED :24 Hour Step Duel]]>
    </line>
    <line>
      <![CDATA[PASS : Correct error message is displaying on with draw invite Pop Up : ACTUAL : Withdraw this invite? 	EXPECTED :Withdraw this invite?]]>
    </line>
    <line>
      <![CDATA[PASS : After Sending duel from friends profile user redirect back to friends profile screen: ACTUAL : true 	EXPECTED :true]]>
    </line>
    <line>
      <![CDATA[PASS : Correct user is appearing in Duels pending section : ACTUAL : sagar hasn't responded 	EXPECTED :sagar hasn't responded]]>
    </line>
    <line>
      <![CDATA[PASS : One week duels appearing in Duels pending section : ACTUAL : 1 Week Step Duel 	EXPECTED :1 Week Step Duel]]>
    </line>
    <line>
      <![CDATA[PASS : Correct error message is displaying on with draw invite Pop Up : ACTUAL : Withdraw this invite? 	EXPECTED :Withdraw this invite?]]>
    </line>
  </reporter-output>
  <suite name="Duels" duration-ms="218195" started-at="2017-01-27T13:09:07Z" finished-at="2017-01-27T13:12:45Z">
    <groups>
    </groups>
    <test name="Send Duels From Friends Profile" duration-ms="49725" started-at="2017-01-27T13:09:07Z" finished-at="2017-01-27T13:09:57Z">
      <class name="com.atmecs.falcone.duels.StartDuelOnFriendsProfile">
        <test-method status="PASS" signature="beforeClass()[pri:0, instance:[StartDuelOnFriendsProfile passed=0 failed=0 skipped=0]]" name="beforeClass" is-config="true" duration-ms="1" started-at="2017-01-27T18:39:07Z" finished-at="2017-01-27T18:39:07Z">
          <reporter-output>
          </reporter-output>
        </test-method> <!-- beforeClass -->
        <test-method status="PASS" signature="startApp(java.lang.reflect.Method)[pri:0, instance:[StartDuelOnFriendsProfile passed=0 failed=0 skipped=0]]" name="startApp" is-config="true" duration-ms="16422" started-at="2017-01-27T18:39:07Z" finished-at="2017-01-27T18:39:23Z">
          <params>
            <param index="0">
              <value>
                <![CDATA[public void com.atmecs.falcone.duels.StartDuelOnFriendsProfile.sendDuelsFromFriendsProfile() throws java.io.IOException]]>
              </value>
            </param>
          </params>
          <reporter-output>
          </reporter-output>
        </test-method> <!-- startApp -->
        <test-method status="PASS" signature="sendDuelsFromFriendsProfile()[pri:0, instance:[StartDuelOnFriendsProfile passed=0 failed=0 skipped=0]]" name="sendDuelsFromFriendsProfile" duration-ms="32178" started-at="2017-01-27T18:39:23Z" finished-at="2017-01-27T18:39:55Z">
          <reporter-output>
            <line>
              <![CDATA[PASS : Duels icon is displayed on Friends Profile screen: ACTUAL : true 	EXPECTED :true]]>
            </line>
            <line>
              <![CDATA[PASS : Correct User name is populated on Duel Invite Screen : ACTUAL : sagar paidalwar 	EXPECTED :sagar paidalwar]]>
            </line>
            <line>
              <![CDATA[PASS : By default duration for duels in Duel invite screen is 3 days : ACTUAL : 3 	EXPECTED :3]]>
            </line>
            <line>
              <![CDATA[PASS : By default privacy for duel in Duel invite screen is public : ACTUAL : Public 	EXPECTED :Public]]>
            </line>
            <line>
              <![CDATA[PASS : Send button on Duel invite screen is enabled: ACTUAL : true 	EXPECTED :true]]>
            </line>
            <line>
              <![CDATA[PASS : Tapping back arrow on Duel invite screen redirect to friends profile screen with correct username : ACTUAL : sagar paidalwar 	EXPECTED :sagar paidalwar]]>
            </line>
          </reporter-output>
        </test-method> <!-- sendDuelsFromFriendsProfile -->
        <test-method status="PASS" signature="killServer(org.testng.ITestResult)[pri:0, instance:[StartDuelOnFriendsProfile passed=0 failed=0 skipped=0]]" name="killServer" is-config="true" duration-ms="1108" started-at="2017-01-27T18:39:55Z" finished-at="2017-01-27T18:39:57Z">
          <params>
            <param index="0">
              <value>
                <![CDATA[[TestResult name=sendDuelsFromFriendsProfile on [StartDuelOnFriendsProfile passed=0 failed=0 skipped=0] status=SUCCESS method=StartDuelOnFriendsProfile.sendDuelsFromFriendsProfile()[pri:0, instance:[StartDuelOnFriendsProfile passed=0 failed=0 skipped=0]] output=PASS : Duels icon is displayed on Friends Profile screen: ACTUAL : true 	EXPECTED :true]]]>
              </value>
            </param>
          </params>
          <reporter-output>
          </reporter-output>
        </test-method> <!-- killServer -->
        <test-method status="PASS" signature="afterClass()[pri:0, instance:[StartDuelOnFriendsProfile passed=0 failed=0 skipped=0]]" name="afterClass" is-config="true" duration-ms="1" started-at="2017-01-27T18:39:57Z" finished-at="2017-01-27T18:39:57Z">
          <reporter-output>
          </reporter-output>
        </test-method> <!-- afterClass -->
      </class> <!-- com.atmecs.falcone.duels.StartDuelOnFriendsProfile -->
    </test> <!-- Send Duels From Friends Profile -->
    <test name="Send Three Days Duels From Friends Profile" duration-ms="52374" started-at="2017-01-27T13:09:57Z" finished-at="2017-01-27T13:10:49Z">
      <class name="com.atmecs.falcone.duels.SendThreeDaysDuelFromFriendsProfile">
        <test-method status="PASS" signature="startApp(java.lang.reflect.Method)[pri:0, instance:[SendThreeDaysDuelFromFriendsProfile passed=0 failed=0 skipped=0]]" name="startApp" is-config="true" duration-ms="15423" started-at="2017-01-27T18:39:57Z" finished-at="2017-01-27T18:40:12Z">
          <params>
            <param index="0">
              <value>
                <![CDATA[public void com.atmecs.falcone.duels.SendThreeDaysDuelFromFriendsProfile.sendthreedaysDuelFromFriendsProfile() throws java.io.IOException]]>
              </value>
            </param>
          </params>
          <reporter-output>
          </reporter-output>
        </test-method> <!-- startApp -->
        <test-method status="PASS" signature="beforeClass()[pri:0, instance:[SendThreeDaysDuelFromFriendsProfile passed=0 failed=0 skipped=0]]" name="beforeClass" is-config="true" duration-ms="0" started-at="2017-01-27T18:39:57Z" finished-at="2017-01-27T18:39:57Z">
          <reporter-output>
          </reporter-output>
        </test-method> <!-- beforeClass -->
        <test-method status="FAIL" signature="sendthreedaysDuelFromFriendsProfile()[pri:0, instance:[SendThreeDaysDuelFromFriendsProfile passed=0 failed=0 skipped=0]]" name="sendthreedaysDuelFromFriendsProfile" duration-ms="28782" started-at="2017-01-27T18:40:12Z" finished-at="2017-01-27T18:40:41Z">
          <exception class="org.openqa.selenium.NoSuchElementException">
            <message>
              <![CDATA[An element could not be located on the page using the given search parameters. (WARNING: The server did not provide any stacktrace information)
Command duration or timeout: 935 milliseconds
For documentation on this error, please visit: http://seleniumhq.org/exceptions/no_such_element.html
Build info: version: '2.53.0', revision: '35ae25b1534ae328c771e0856c93e187490ca824', time: '2016-03-15 10:43:46'
System info: host: 'ATMECSINDT-050', ip: '10.1.20.57', os.name: 'Windows 7', os.arch: 'amd64', os.version: '6.1', java.version: '1.8.0_92'
Driver info: io.appium.java_client.android.AndroidDriver
Capabilities [{appPackage=com.jawbone.up, noReset=true, dontStopAppOnReset=, language=null, locale=null, deviceName=ZX1G429KVD, fullReset=false, platform=LINUX, desired={app=D:\NewFalconJawbone\falcon-mobile/applications/UP.apk, appPackage=com.jawbone.up, orientation=null, noReset=true, dontStopAppOnReset=, appiumVersion=null, appWaitPackage=, language=null, locale=null, deviceName=Android, fullReset=false, appActivity=com.jawbone.up.oobe.LaunchActivity, newCommandTimeout=, platformVersion=5.X, browserName=, platformName=Android}, newCommandTimeout=, platformVersion=6.0.1, webStorageEnabled=false, browserName=, takesScreenshot=true, javascriptEnabled=true, platformName=Android, app=D:\NewFalconJawbone\falcon-mobile/applications/UP.apk, networkConnectionEnabled=true, orientation=null, warnings={}, appiumVersion=null, appWaitPackage=, databaseEnabled=false, appActivity=com.jawbone.up.oobe.LaunchActivity, locationContextEnabled=false}]
Session ID: 96236311-d188-4466-a8c3-fb32becc48fe
*** Element info: {Using=id, value=com.jawbone.up:id/start_duel}]]>
            </message>
            <full-stacktrace>
              <![CDATA[org.openqa.selenium.NoSuchElementException: An element could not be located on the page using the given search parameters. (WARNING: The server did not provide any stacktrace information)
Command duration or timeout: 935 milliseconds
For documentation on this error, please visit: http://seleniumhq.org/exceptions/no_such_element.html
Build info: version: '2.53.0', revision: '35ae25b1534ae328c771e0856c93e187490ca824', time: '2016-03-15 10:43:46'
System info: host: 'ATMECSINDT-050', ip: '10.1.20.57', os.name: 'Windows 7', os.arch: 'amd64', os.version: '6.1', java.version: '1.8.0_92'
Driver info: io.appium.java_client.android.AndroidDriver
Capabilities [{appPackage=com.jawbone.up, noReset=true, dontStopAppOnReset=, language=null, locale=null, deviceName=ZX1G429KVD, fullReset=false, platform=LINUX, desired={app=D:\NewFalconJawbone\falcon-mobile/applications/UP.apk, appPackage=com.jawbone.up, orientation=null, noReset=true, dontStopAppOnReset=, appiumVersion=null, appWaitPackage=, language=null, locale=null, deviceName=Android, fullReset=false, appActivity=com.jawbone.up.oobe.LaunchActivity, newCommandTimeout=, platformVersion=5.X, browserName=, platformName=Android}, newCommandTimeout=, platformVersion=6.0.1, webStorageEnabled=false, browserName=, takesScreenshot=true, javascriptEnabled=true, platformName=Android, app=D:\NewFalconJawbone\falcon-mobile/applications/UP.apk, networkConnectionEnabled=true, orientation=null, warnings={}, appiumVersion=null, appWaitPackage=, databaseEnabled=false, appActivity=com.jawbone.up.oobe.LaunchActivity, locationContextEnabled=false}]
Session ID: 96236311-d188-4466-a8c3-fb32becc48fe
*** Element info: {Using=id, value=com.jawbone.up:id/start_duel}
	at sun.reflect.NativeConstructorAccessorImpl.newInstance0(Native Method)
	at sun.reflect.NativeConstructorAccessorImpl.newInstance(NativeConstructorAccessorImpl.java:62)
	at sun.reflect.DelegatingConstructorAccessorImpl.newInstance(DelegatingConstructorAccessorImpl.java:45)
	at java.lang.reflect.Constructor.newInstance(Constructor.java:423)
	at org.openqa.selenium.remote.ErrorHandler.createThrowable(ErrorHandler.java:206)
	at org.openqa.selenium.remote.ErrorHandler.throwIfResponseFailed(ErrorHandler.java:158)
	at org.openqa.selenium.remote.RemoteWebDriver.execute(RemoteWebDriver.java:678)
	at io.appium.java_client.DefaultGenericMobileDriver.execute(DefaultGenericMobileDriver.java:43)
	at io.appium.java_client.AppiumDriver.execute(AppiumDriver.java:1)
	at io.appium.java_client.android.AndroidDriver.execute(AndroidDriver.java:1)
	at org.openqa.selenium.remote.RemoteWebDriver.findElement(RemoteWebDriver.java:363)
	at org.openqa.selenium.remote.RemoteWebDriver.findElementById(RemoteWebDriver.java:413)
	at io.appium.java_client.DefaultGenericMobileDriver.findElementById(DefaultGenericMobileDriver.java:59)
	at io.appium.java_client.AppiumDriver.findElementById(AppiumDriver.java:1)
	at io.appium.java_client.android.AndroidDriver.findElementById(AndroidDriver.java:1)
	at com.atmecs.falcon.testfunction.CommonMethods.sendDuelsFromFriendsProfile(CommonMethods.java:147)
	at com.atmecs.falcone.duels.SendThreeDaysDuelFromFriendsProfile.sendthreedaysDuelFromFriendsProfile(SendThreeDaysDuelFromFriendsProfile.java:23)
	at sun.reflect.NativeMethodAccessorImpl.invoke0(Native Method)
	at sun.reflect.NativeMethodAccessorImpl.invoke(NativeMethodAccessorImpl.java:62)
	at sun.reflect.DelegatingMethodAccessorImpl.invoke(DelegatingMethodAccessorImpl.java:43)
	at java.lang.reflect.Method.invoke(Method.java:498)
	at org.testng.internal.MethodInvocationHelper.invokeMethod(MethodInvocationHelper.java:86)
	at org.testng.internal.Invoker.invokeMethod(Invoker.java:643)
	at org.testng.internal.Invoker.invokeTestMethod(Invoker.java:820)
	at org.testng.internal.Invoker.invokeTestMethods(Invoker.java:1128)
	at org.testng.internal.TestMethodWorker.invokeTestMethods(TestMethodWorker.java:129)
	at org.testng.internal.TestMethodWorker.run(TestMethodWorker.java:112)
	at org.testng.TestRunner.privateRun(TestRunner.java:782)
	at org.testng.TestRunner.run(TestRunner.java:632)
	at org.testng.SuiteRunner.runTest(SuiteRunner.java:366)
	at org.testng.SuiteRunner.runSequentially(SuiteRunner.java:361)
	at org.testng.SuiteRunner.privateRun(SuiteRunner.java:319)
	at org.testng.SuiteRunner.run(SuiteRunner.java:268)
	at org.testng.SuiteRunnerWorker.runSuite(SuiteRunnerWorker.java:52)
	at org.testng.SuiteRunnerWorker.run(SuiteRunnerWorker.java:86)
	at org.testng.TestNG.runSuitesSequentially(TestNG.java:1244)
	at org.testng.TestNG.runSuitesLocally(TestNG.java:1169)
	at org.testng.TestNG.run(TestNG.java:1064)
	at com.atmecs.falcon.automation.appium.executor.MyTestExecutor.runMethodParallel(MyTestExecutor.java:193)
	at com.atmecs.falcon.automation.appium.executor.MyTestExecutor.runMethodParallelAppium(MyTestExecutor.java:237)
	at com.atmecs.falcon.automation.appium.manager.ParallelThread.runner(ParallelThread.java:41)
	at com.atmecs.falcon.automation.appium.manager.Runner.testApp(Runner.java:36)
	at com.atmecs.falcon.runner.TestNGRunner.main(TestNGRunner.java:125)
	at sun.reflect.NativeMethodAccessorImpl.invoke0(Native Method)
	at sun.reflect.NativeMethodAccessorImpl.invoke(NativeMethodAccessorImpl.java:62)
	at sun.reflect.DelegatingMethodAccessorImpl.invoke(DelegatingMethodAccessorImpl.java:43)
	at java.lang.reflect.Method.invoke(Method.java:498)
	at org.codehaus.mojo.exec.ExecJavaMojo$1.run(ExecJavaMojo.java:294)
	at java.lang.Thread.run(Thread.java:745)
]]>
            </full-stacktrace>
          </exception> <!-- org.openqa.selenium.NoSuchElementException -->
          <reporter-output>
            <line>
              <![CDATA[Uploading Screenshot for failure to server]]>
            </line>
            <line>
              <![CDATA[IMG : 502a4e8e-872c-4363-a597-41f06ee2e971]]>
            </line>
          </reporter-output>
        </test-method> <!-- sendthreedaysDuelFromFriendsProfile -->
        <test-method status="PASS" signature="killServer(org.testng.ITestResult)[pri:0, instance:[SendThreeDaysDuelFromFriendsProfile passed=0 failed=0 skipped=0]]" name="killServer" is-config="true" duration-ms="1294" started-at="2017-01-27T18:40:48Z" finished-at="2017-01-27T18:40:49Z">
          <params>
            <param index="0">
              <value>
                <![CDATA[[TestResult name=sendthreedaysDuelFromFriendsProfile on [SendThreeDaysDuelFromFriendsProfile passed=0 failed=0 skipped=0] status=FAILURE method=SendThreeDaysDuelFromFriendsProfile.sendthreedaysDuelFromFriendsProfile()[pri:0, instance:[SendThreeDaysDuelFromFriendsProfile passed=0 failed=0 skipped=0]] output=Uploading Screenshot for failure to server]]]>
              </value>
            </param>
          </params>
          <reporter-output>
          </reporter-output>
        </test-method> <!-- killServer -->
        <test-method status="PASS" signature="afterClass()[pri:0, instance:[SendThreeDaysDuelFromFriendsProfile passed=0 failed=0 skipped=0]]" name="afterClass" is-config="true" duration-ms="0" started-at="2017-01-27T18:40:49Z" finished-at="2017-01-27T18:40:49Z">
          <reporter-output>
          </reporter-output>
        </test-method> <!-- afterClass -->
      </class> <!-- com.atmecs.falcone.duels.SendThreeDaysDuelFromFriendsProfile -->
    </test> <!-- Send Three Days Duels From Friends Profile -->
    <test name="Send twenty four hour Duels From Friends Profile" duration-ms="58370" started-at="2017-01-27T13:10:49Z" finished-at="2017-01-27T13:11:47Z">
      <class name="com.atmecs.falcone.duels.SendTwentyFourHrDuelFromFriendsProfile">
        <test-method status="PASS" signature="beforeClass()[pri:0, instance:[SendTwentyFourHrDuelFromFriendsProfile passed=0 failed=0 skipped=0]]" name="beforeClass" is-config="true" duration-ms="0" started-at="2017-01-27T18:40:49Z" finished-at="2017-01-27T18:40:49Z">
          <reporter-output>
          </reporter-output>
        </test-method> <!-- beforeClass -->
        <test-method status="PASS" signature="startApp(java.lang.reflect.Method)[pri:0, instance:[SendTwentyFourHrDuelFromFriendsProfile passed=0 failed=0 skipped=0]]" name="startApp" is-config="true" duration-ms="15207" started-at="2017-01-27T18:40:49Z" finished-at="2017-01-27T18:41:04Z">
          <params>
            <param index="0">
              <value>
                <![CDATA[public void com.atmecs.falcone.duels.SendTwentyFourHrDuelFromFriendsProfile.sendTwentyFourHrDuelFromFriendsProfile() throws java.io.IOException]]>
              </value>
            </param>
          </params>
          <reporter-output>
          </reporter-output>
        </test-method> <!-- startApp -->
        <test-method status="PASS" signature="sendTwentyFourHrDuelFromFriendsProfile()[pri:0, instance:[SendTwentyFourHrDuelFromFriendsProfile passed=0 failed=0 skipped=0]]" name="sendTwentyFourHrDuelFromFriendsProfile" duration-ms="41964" started-at="2017-01-27T18:41:04Z" finished-at="2017-01-27T18:41:46Z">
          <reporter-output>
            <line>
              <![CDATA[PASS : After Sending duel from friends profile user redirect back to friends profile screen: ACTUAL : true 	EXPECTED :true]]>
            </line>
            <line>
              <![CDATA[PASS : Correct user is appearing in Duels pending section : ACTUAL : sagar hasn't responded 	EXPECTED :sagar hasn't responded]]>
            </line>
            <line>
              <![CDATA[PASS : Twenty Four hour step duels appearing in Duels pending section : ACTUAL : 24 Hour Step Duel 	EXPECTED :24 Hour Step Duel]]>
            </line>
            <line>
              <![CDATA[PASS : Correct error message is displaying on with draw invite Pop Up : ACTUAL : Withdraw this invite? 	EXPECTED :Withdraw this invite?]]>
            </line>
          </reporter-output>
        </test-method> <!-- sendTwentyFourHrDuelFromFriendsProfile -->
        <test-method status="PASS" signature="killServer(org.testng.ITestResult)[pri:0, instance:[SendTwentyFourHrDuelFromFriendsProfile passed=0 failed=0 skipped=0]]" name="killServer" is-config="true" duration-ms="1196" started-at="2017-01-27T18:41:46Z" finished-at="2017-01-27T18:41:47Z">
          <params>
            <param index="0">
              <value>
                <![CDATA[[TestResult name=sendTwentyFourHrDuelFromFriendsProfile on [SendTwentyFourHrDuelFromFriendsProfile passed=0 failed=0 skipped=0] status=SUCCESS method=SendTwentyFourHrDuelFromFriendsProfile.sendTwentyFourHrDuelFromFriendsProfile()[pri:0, instance:[SendTwentyFourHrDuelFromFriendsProfile passed=0 failed=0 skipped=0]] output=PASS : After Sending duel from friends profile user redirect back to friends profile screen: ACTUAL : true 	EXPECTED :true]]]>
              </value>
            </param>
          </params>
          <reporter-output>
          </reporter-output>
        </test-method> <!-- killServer -->
        <test-method status="PASS" signature="afterClass()[pri:0, instance:[SendTwentyFourHrDuelFromFriendsProfile passed=0 failed=0 skipped=0]]" name="afterClass" is-config="true" duration-ms="1" started-at="2017-01-27T18:41:47Z" finished-at="2017-01-27T18:41:47Z">
          <reporter-output>
          </reporter-output>
        </test-method> <!-- afterClass -->
      </class> <!-- com.atmecs.falcone.duels.SendTwentyFourHrDuelFromFriendsProfile -->
    </test> <!-- Send twenty four hour Duels From Friends Profile -->
    <test name="Send one week Duels From Friends Profile" duration-ms="57671" started-at="2017-01-27T13:11:47Z" finished-at="2017-01-27T13:12:45Z">
      <class name="com.atmecs.falcone.duels.SendOneWeekDuelFromFriendsProfile">
        <test-method status="PASS" signature="preSetup()[pri:0, instance:[SendOneWeekDuelFromFriendsProfile passed=0 failed=0 skipped=0]]" name="preSetup" is-config="true" duration-ms="16" started-at="2017-01-27T18:39:07Z" finished-at="2017-01-27T18:39:07Z">
          <reporter-output>
          </reporter-output>
        </test-method> <!-- preSetup -->
        <test-method status="PASS" signature="beforeClass()[pri:0, instance:[SendOneWeekDuelFromFriendsProfile passed=0 failed=0 skipped=0]]" name="beforeClass" is-config="true" duration-ms="0" started-at="2017-01-27T18:41:47Z" finished-at="2017-01-27T18:41:47Z">
          <reporter-output>
          </reporter-output>
        </test-method> <!-- beforeClass -->
        <test-method status="PASS" signature="startApp(java.lang.reflect.Method)[pri:0, instance:[SendOneWeekDuelFromFriendsProfile passed=0 failed=0 skipped=0]]" name="startApp" is-config="true" duration-ms="15651" started-at="2017-01-27T18:41:47Z" finished-at="2017-01-27T18:42:03Z">
          <params>
            <param index="0">
              <value>
                <![CDATA[public void com.atmecs.falcone.duels.SendOneWeekDuelFromFriendsProfile.sendOneWeekDuelFromFriendsProfile() throws java.io.IOException]]>
              </value>
            </param>
          </params>
          <reporter-output>
          </reporter-output>
        </test-method> <!-- startApp -->
        <test-method status="PASS" signature="sendOneWeekDuelFromFriendsProfile()[pri:0, instance:[SendOneWeekDuelFromFriendsProfile passed=0 failed=0 skipped=0]]" name="sendOneWeekDuelFromFriendsProfile" duration-ms="40827" started-at="2017-01-27T18:42:03Z" finished-at="2017-01-27T18:42:44Z">
          <reporter-output>
            <line>
              <![CDATA[PASS : After Sending duel from friends profile user redirect back to friends profile screen: ACTUAL : true 	EXPECTED :true]]>
            </line>
            <line>
              <![CDATA[PASS : Correct user is appearing in Duels pending section : ACTUAL : sagar hasn't responded 	EXPECTED :sagar hasn't responded]]>
            </line>
            <line>
              <![CDATA[PASS : One week duels appearing in Duels pending section : ACTUAL : 1 Week Step Duel 	EXPECTED :1 Week Step Duel]]>
            </line>
            <line>
              <![CDATA[PASS : Correct error message is displaying on with draw invite Pop Up : ACTUAL : Withdraw this invite? 	EXPECTED :Withdraw this invite?]]>
            </line>
          </reporter-output>
        </test-method> <!-- sendOneWeekDuelFromFriendsProfile -->
        <test-method status="PASS" signature="killServer(org.testng.ITestResult)[pri:0, instance:[SendOneWeekDuelFromFriendsProfile passed=0 failed=0 skipped=0]]" name="killServer" is-config="true" duration-ms="1191" started-at="2017-01-27T18:42:44Z" finished-at="2017-01-27T18:42:45Z">
          <params>
            <param index="0">
              <value>
                <![CDATA[[TestResult name=sendOneWeekDuelFromFriendsProfile on [SendOneWeekDuelFromFriendsProfile passed=0 failed=0 skipped=0] status=SUCCESS method=SendOneWeekDuelFromFriendsProfile.sendOneWeekDuelFromFriendsProfile()[pri:0, instance:[SendOneWeekDuelFromFriendsProfile passed=0 failed=0 skipped=0]] output=PASS : After Sending duel from friends profile user redirect back to friends profile screen: ACTUAL : true 	EXPECTED :true]]]>
              </value>
            </param>
          </params>
          <reporter-output>
          </reporter-output>
        </test-method> <!-- killServer -->
        <test-method status="PASS" signature="afterClass()[pri:0, instance:[SendOneWeekDuelFromFriendsProfile passed=0 failed=0 skipped=0]]" name="afterClass" is-config="true" duration-ms="0" started-at="2017-01-27T18:42:45Z" finished-at="2017-01-27T18:42:45Z">
          <reporter-output>
          </reporter-output>
        </test-method> <!-- afterClass -->
        <test-method status="PASS" signature="teardown()[pri:0, instance:[SendOneWeekDuelFromFriendsProfile passed=0 failed=0 skipped=0]]" name="teardown" is-config="true" duration-ms="0" started-at="2017-01-27T18:42:45Z" finished-at="2017-01-27T18:42:45Z">
          <reporter-output>
          </reporter-output>
        </test-method> <!-- teardown -->
      </class> <!-- com.atmecs.falcone.duels.SendOneWeekDuelFromFriendsProfile -->
    </test> <!-- Send one week Duels From Friends Profile -->
  </suite> <!-- Duels -->
</testng-results>
